Ошибка при обработке callback_query: ReferenceError: roomChoice is not defined
Ошибка при обработке callback_query: ReferenceError: roomChoice is not defined
Ошибка при обработке callback_query: ReferenceError: roomChoice is not defined
Ошибка при обработке callback_query: ReferenceError: roomChoice is not defined
Ошибка при обработке callback_query: ReferenceError: roomChoice is not defined
Ошибка при обработке callback_query: ReferenceError: roomChoice is not defined
Ошибка при обработке callback_query: ReferenceError: roomChoice is not defined
Ошибка при обработке callback_query: ReferenceError: roomChoice is not defined
Ошибка при обработке callback_query: ReferenceError: roomChoice is not defined
Ошибка при обработке callback_query: ReferenceError: roomChoice is not defined
Ошибка при обработке callback_query: ReferenceError: roomChoice is not defined
Ошибка при обработке callback_query: ReferenceError: roomChoice is not defined
Ошибка при обработке callback_query: ReferenceError: roomChoice is not defined
Ошибка при обработке callback_query: ReferenceError: roomChoice is not defined
Ошибка при обработке callback_query: ReferenceError: roomChoice is not defined
Ошибка при обработке callback_query: ReferenceError: roomChoice is not defined
Ошибка при обработке callback_query: ReferenceError: roomChoice is not defined
Ошибка при обработке callback_query: ReferenceError: roomChoice is not defined
Ошибка при обработке callback_query: ReferenceError: roomChoice is not defined
Ошибка при обработке callback_query: ReferenceError: roomChoice is not defined
Ошибка при обработке callback_query: ReferenceError: roomChoice is not defined
Ошибка при обработке callback_query: ReferenceError: roomChoice is not defined
Ошибка при обработке callback_query: ReferenceError: roomChoice is not defined
Ошибка при обработке callback_query: ReferenceError: roomChoice is not defined
Ошибка при обработке callback_query: ReferenceError: roomChoice is not defined
Ошибка при обработке callback_query: VersionError: No matching document found for id "64f094f6c26961e5cc80ef22" version 26 modifiedPaths "stakes"
Ошибка при обработке callback_query: VersionError: No matching document found for id "64f094f6c26961e5cc80ef22" version 30 modifiedPaths "stakes"
Ошибка при обработке callback_query: ReferenceError: roomChoice is not defined
Ошибка при обработке callback_query: ReferenceError: roomChoice is not defined
Ошибка при обработке callback_query: ReferenceError: roomChoice is not defined
Ошибка при обработке callback_query: ReferenceError: roomChoice is not defined
Ошибка при обработке callback_query: ReferenceError: Cannot access 'player' before initialization
Ошибка при обработке callback_query: ReferenceError: Cannot access 'player' before initialization
Ошибка при обработке callback_query: ReferenceError: Cannot access 'player' before initialization
Ошибка при обработке callback_query: ReferenceError: Cannot access 'player' before initialization
Ошибка при обработке callback_query: ReferenceError: Cannot access 'player' before initialization
Ошибка при обработке callback_query: ReferenceError: Cannot access 'player' before initialization
Ошибка при обработке callback_query: ReferenceError: Cannot access 'player' before initialization
Ошибка при обработке callback_query: ReferenceError: Cannot access 'player' before initialization
Ошибка при обработке callback_query: ReferenceError: Cannot access 'player' before initialization
Ошибка при обработке callback_query: ReferenceError: Cannot access 'player' before initialization
Ошибка при обработке callback_query: ReferenceError: Cannot access 'player' before initialization
Ошибка при обработке callback_query: ReferenceError: winnerChoice is not defined
Ошибка при обработке callback_query: TypeError: Cannot read properties of undefined (reading 'choice')
Ошибка при обработке callback_query: TypeError: Cannot read properties of undefined (reading 'choice')
Ошибка при обработке callback_query: ReferenceError: winnerChoice is not defined
Ошибка при обработке callback_query: TypeError: Cannot read properties of undefined (reading 'choice')
Ошибка при обработке callback_query: TypeError: Cannot read properties of undefined (reading 'choice')
Ошибка при обработке callback_query: ReferenceError: winningPlayer is not defined
Ошибка при обработке callback_query: ReferenceError: winningPlayer is not defined
